<?xml version="1.0" encoding="UTF-8"?>
<!-- Generated by org.testng.reporters.JUnitReportReporter -->
<testsuite hostname="DESKTOP-5TJGKGU" failures="0" tests="4" name="test.UserTests" time="3.304" errors="0" timestamp="2023-08-14T16:53:10 EDT" skipped="0">
  <testcase classname="test.UserTests" name="TestPostUser" time="2.261"/>
  <system-out/>
  <testcase classname="test.UserTests" name="TestGetUserByName" time="0.294"/>
  <system-out/>
  <testcase classname="test.UserTests" name="TestUpdateUserName" time="0.524"/>
  <system-out/>
  <testcase classname="test.UserTests" name="TestDeleteUserByName" time="0.225"/>
  <system-out/>
</testsuite> <!-- test.UserTests -->
