<?xml version="1.0" encoding="UTF-8"?>
<!-- Generated by org.testng.reporters.JUnitReportReporter -->
<testsuite hostname="DESKTOP-5TJGKGU" failures="0" tests="4" name="test.UserTests" time="3.587" errors="0" timestamp="2023-08-12T13:51:59 EDT" skipped="0">
  <testcase classname="test.UserTests" name="TestPostUser" time="2.463"/>
  <system-out/>
  <testcase classname="test.UserTests" name="TestGetUserByName" time="0.299"/>
  <system-out/>
  <testcase classname="test.UserTests" name="TestUpdateUserName" time="0.575"/>
  <system-out/>
  <testcase classname="test.UserTests" name="TestDeleteUserByName" time="0.250"/>
  <system-out/>
</testsuite> <!-- test.UserTests -->
